<?xml version="1.0" encoding="UTF-8"?>
<!-- Generated by org.testng.reporters.JUnitReportReporter -->
<testsuite hostname="Ranjeet" failures="0" tests="1" name="basic1.ContactsTest" time="8.731" errors="0" timestamp="2024-03-23T11:56:35 IST" skipped="0">
  <testcase classname="basic1.ContactsTest" name="CreateContacts" time="8.731"/>
  <system-out/>
</testsuite> <!-- basic1.ContactsTest -->
