<?xml version="1.0" encoding="UTF-8"?>
<!-- Generated by org.testng.reporters.JUnitReportReporter -->
<testsuite hostname="Ranjeet" failures="0" tests="1" name="basic1.OrganizationsTest" time="15.752" errors="0" timestamp="2024-03-23T11:55:11 IST" skipped="0">
  <testcase classname="basic1.OrganizationsTest" name="CreateOrganizations" time="15.752"/>
  <system-out/>
</testsuite> <!-- basic1.OrganizationsTest -->
