<?xml version="1.0" encoding="UTF-8"?>
<!-- Generated by org.testng.reporters.JUnitReportReporter -->
<testsuite hostname="Ranjeet" failures="0" tests="1" name="basic1.LeadsTest" time="8.033" errors="0" timestamp="2024-03-23T11:58:42 IST" skipped="0">
  <testcase classname="basic1.LeadsTest" name="CreateLeads" time="8.033"/>
  <system-out/>
</testsuite> <!-- basic1.LeadsTest -->
